
4월 27, 2024 12:34:45.50 NEW SESSION
4월 27, 2024 12:34:45.50 Created TensorFlow Lite XNNPACK delegate for CPU.
4월 27, 2024 12:41:36.719 [0x7FFEF7665B20] ANOMALY: meaningless REX prefix used
4월 27, 2024 12:41:36.719 [0x7FFEF7663EB0] ANOMALY: meaningless REX prefix used
4월 27, 2024 12:41:36.781 [0x7FFEF7665B20] ANOMALY: meaningless REX prefix used
4월 27, 2024 12:41:36.781 [0x7FFEF7663EB0] ANOMALY: meaningless REX prefix used
4월 27, 2024 12:50:22.415 [0x7FFEF7665B20] ANOMALY: meaningless REX prefix used
4월 27, 2024 12:50:22.415 [0x7FFEF7663EB0] ANOMALY: meaningless REX prefix used
4월 27, 2024 12:50:22.474 [0x7FFEF7665B20] ANOMALY: meaningless REX prefix used
4월 27, 2024 12:50:22.474 [0x7FFEF7663EB0] ANOMALY: meaningless REX prefix used
4월 27, 2024 12:59:45.569 [0x7FFEF7665B20] ANOMALY: meaningless REX prefix used
4월 27, 2024 12:59:45.569 [0x7FFEF7663EB0] ANOMALY: meaningless REX prefix used
4월 27, 2024 12:59:45.623 [0x7FFEF7665B20] ANOMALY: meaningless REX prefix used
4월 27, 2024 12:59:45.624 [0x7FFEF7663EB0] ANOMALY: meaningless REX prefix used

4월 27, 2024 14:54:13.741 NEW SESSION
4월 27, 2024 14:54:13.741 [0x7FFEF7665B20] ANOMALY: meaningless REX prefix used
4월 27, 2024 14:54:13.741 [0x7FFEF7663EB0] ANOMALY: meaningless REX prefix used
4월 27, 2024 14:54:13.808 [0x7FFEF7665B20] ANOMALY: meaningless REX prefix used
4월 27, 2024 14:54:13.808 [0x7FFEF7663EB0] ANOMALY: meaningless REX prefix used
4월 27, 2024 16:14:59.38 [0x7FFEF7665B20] ANOMALY: meaningless REX prefix used
4월 27, 2024 16:14:59.39 [0x7FFEF7663EB0] ANOMALY: meaningless REX prefix used
4월 27, 2024 16:14:59.113 [0x7FFEF7665B20] ANOMALY: meaningless REX prefix used
4월 27, 2024 16:14:59.113 [0x7FFEF7663EB0] ANOMALY: meaningless REX prefix used
4월 27, 2024 16:15:24.669 Created TensorFlow Lite XNNPACK delegate for CPU.
4월 27, 2024 17:12:50.709 [0x7FFEF7665B20] ANOMALY: meaningless REX prefix used
4월 27, 2024 17:12:50.709 [0x7FFEF7663EB0] ANOMALY: meaningless REX prefix used
4월 27, 2024 17:12:50.777 [0x7FFEF7665B20] ANOMALY: meaningless REX prefix used
4월 27, 2024 17:12:50.778 [0x7FFEF7663EB0] ANOMALY: meaningless REX prefix used
4월 27, 2024 17:13:01.829 Created TensorFlow Lite XNNPACK delegate for CPU.
4월 27, 2024 17:31:34.479 [0x7FFEF7665B20] ANOMALY: meaningless REX prefix used
4월 27, 2024 17:31:34.479 [0x7FFEF7663EB0] ANOMALY: meaningless REX prefix used
4월 27, 2024 17:31:34.543 [0x7FFEF7665B20] ANOMALY: meaningless REX prefix used
4월 27, 2024 17:31:34.543 [0x7FFEF7663EB0] ANOMALY: meaningless REX prefix used
4월 27, 2024 17:42:02.30 [0x7FFEF7665B20] ANOMALY: meaningless REX prefix used
4월 27, 2024 17:42:02.30 [0x7FFEF7663EB0] ANOMALY: meaningless REX prefix used
4월 27, 2024 17:42:02.103 [0x7FFEF7665B20] ANOMALY: meaningless REX prefix used
4월 27, 2024 17:42:02.103 [0x7FFEF7663EB0] ANOMALY: meaningless REX prefix used

4월 29, 2024 18:47:08.893 NEW SESSION
4월 29, 2024 18:47:08.893 Created TensorFlow Lite XNNPACK delegate for CPU.
4월 29, 2024 18:47:13.166 [0x7FFA7CBB5B20] ANOMALY: meaningless REX prefix used
4월 29, 2024 18:47:13.166 [0x7FFA7CBB3EB0] ANOMALY: meaningless REX prefix used
4월 29, 2024 18:47:13.247 [0x7FFA7CBB5B20] ANOMALY: meaningless REX prefix used
4월 29, 2024 18:47:13.247 [0x7FFA7CBB3EB0] ANOMALY: meaningless REX prefix used
4월 29, 2024 19:07:18.09 Created TensorFlow Lite XNNPACK delegate for CPU.
4월 29, 2024 19:07:22.206 [0x7FFA7CBB5B20] ANOMALY: meaningless REX prefix used
4월 29, 2024 19:07:22.207 [0x7FFA7CBB3EB0] ANOMALY: meaningless REX prefix used
4월 29, 2024 19:07:22.278 [0x7FFA7CBB5B20] ANOMALY: meaningless REX prefix used
4월 29, 2024 19:07:22.278 [0x7FFA7CBB3EB0] ANOMALY: meaningless REX prefix used
4월 29, 2024 19:10:04.236 Created TensorFlow Lite XNNPACK delegate for CPU.
4월 29, 2024 19:22:18.308 [0x7FFA7CBB5B20] ANOMALY: meaningless REX prefix used
4월 29, 2024 19:22:18.308 [0x7FFA7CBB3EB0] ANOMALY: meaningless REX prefix used
4월 29, 2024 19:22:18.379 [0x7FFA7CBB5B20] ANOMALY: meaningless REX prefix used
4월 29, 2024 19:22:18.379 [0x7FFA7CBB3EB0] ANOMALY: meaningless REX prefix used
4월 29, 2024 19:26:17.395 [0x7FFA7CBB5B20] ANOMALY: meaningless REX prefix used
4월 29, 2024 19:26:17.395 [0x7FFA7CBB3EB0] ANOMALY: meaningless REX prefix used
4월 29, 2024 19:26:17.462 [0x7FFA7CBB5B20] ANOMALY: meaningless REX prefix used
4월 29, 2024 19:26:17.462 [0x7FFA7CBB3EB0] ANOMALY: meaningless REX prefix used
4월 29, 2024 19:26:31.460 [0x7FFA7CBB5B20] ANOMALY: meaningless REX prefix used
4월 29, 2024 19:26:31.460 [0x7FFA7CBB3EB0] ANOMALY: meaningless REX prefix used
4월 29, 2024 19:26:31.530 [0x7FFA7CBB5B20] ANOMALY: meaningless REX prefix used
4월 29, 2024 19:26:31.530 [0x7FFA7CBB3EB0] ANOMALY: meaningless REX prefix used
4월 29, 2024 19:27:03.44 Created TensorFlow Lite XNNPACK delegate for CPU.
4월 29, 2024 19:27:10.212 [0x7FFA7CBB5B20] ANOMALY: meaningless REX prefix used
4월 29, 2024 19:27:10.212 [0x7FFA7CBB3EB0] ANOMALY: meaningless REX prefix used
4월 29, 2024 19:27:10.285 [0x7FFA7CBB5B20] ANOMALY: meaningless REX prefix used
4월 29, 2024 19:27:10.285 [0x7FFA7CBB3EB0] ANOMALY: meaningless REX prefix used
4월 29, 2024 19:41:19.462 Created TensorFlow Lite XNNPACK delegate for CPU.
4월 29, 2024 19:57:45.302 [0x7FFA7CBB5B20] ANOMALY: meaningless REX prefix used
4월 29, 2024 19:57:45.302 [0x7FFA7CBB3EB0] ANOMALY: meaningless REX prefix used
4월 29, 2024 19:57:45.369 [0x7FFA7CBB5B20] ANOMALY: meaningless REX prefix used
4월 29, 2024 19:57:45.369 [0x7FFA7CBB3EB0] ANOMALY: meaningless REX prefix used
4월 29, 2024 20:05:19.582 [15008:8184:0429/200519.582:ERROR:CONSOLE(1)] "Request Network.loadNetworkResource failed. {"code":-32602,"message":"Unsupported URL scheme"}", source: devtools://devtools/bundled/devtools-frontend/front_end/core/protocol_client/protocol_client.js (1)
4월 29, 2024 20:31:22.212 [0x7FFA7CBB5B20] ANOMALY: meaningless REX prefix used
4월 29, 2024 20:31:22.212 [0x7FFA7CBB3EB0] ANOMALY: meaningless REX prefix used
4월 29, 2024 20:31:22.301 [0x7FFA7CBB5B20] ANOMALY: meaningless REX prefix used
4월 29, 2024 20:31:22.301 [0x7FFA7CBB3EB0] ANOMALY: meaningless REX prefix used
4월 29, 2024 20:31:28.760 [0x7FFA7CBB5B20] ANOMALY: meaningless REX prefix used
4월 29, 2024 20:31:28.761 [0x7FFA7CBB3EB0] ANOMALY: meaningless REX prefix used
4월 29, 2024 20:31:28.835 [0x7FFA7CBB5B20] ANOMALY: meaningless REX prefix used
4월 29, 2024 20:31:28.835 [0x7FFA7CBB3EB0] ANOMALY: meaningless REX prefix used

4월 30, 2024 19:21:07.902 NEW SESSION
4월 30, 2024 19:21:07.902 Created TensorFlow Lite XNNPACK delegate for CPU.
4월 30, 2024 19:22:32.236 [0x7FFED2795B20] ANOMALY: meaningless REX prefix used
4월 30, 2024 19:22:32.237 [0x7FFED2793EB0] ANOMALY: meaningless REX prefix used
4월 30, 2024 19:22:32.345 [0x7FFED2795B20] ANOMALY: meaningless REX prefix used
4월 30, 2024 19:22:32.345 [0x7FFED2793EB0] ANOMALY: meaningless REX prefix used
4월 30, 2024 19:23:16.385 [0x7FFED2795B20] ANOMALY: meaningless REX prefix used
4월 30, 2024 19:23:16.386 [0x7FFED2793EB0] ANOMALY: meaningless REX prefix used
4월 30, 2024 19:23:16.472 [0x7FFED2795B20] ANOMALY: meaningless REX prefix used
4월 30, 2024 19:23:16.472 [0x7FFED2793EB0] ANOMALY: meaningless REX prefix used
4월 30, 2024 19:32:19.965 [0x7FFED2795B20] ANOMALY: meaningless REX prefix used
4월 30, 2024 19:32:19.965 [0x7FFED2793EB0] ANOMALY: meaningless REX prefix used
4월 30, 2024 19:32:20.63 [0x7FFED2795B20] ANOMALY: meaningless REX prefix used
4월 30, 2024 19:32:20.64 [0x7FFED2793EB0] ANOMALY: meaningless REX prefix used
4월 30, 2024 19:34:05.498 [0x7FFED2795B20] ANOMALY: meaningless REX prefix used
4월 30, 2024 19:34:05.499 [0x7FFED2793EB0] ANOMALY: meaningless REX prefix used
4월 30, 2024 19:34:05.584 [0x7FFED2795B20] ANOMALY: meaningless REX prefix used
4월 30, 2024 19:34:05.584 [0x7FFED2793EB0] ANOMALY: meaningless REX prefix used
4월 30, 2024 19:34:53.766 Created TensorFlow Lite XNNPACK delegate for CPU.
4월 30, 2024 19:34:59.85 [0x7FFED2795B20] ANOMALY: meaningless REX prefix used
4월 30, 2024 19:34:59.86 [0x7FFED2793EB0] ANOMALY: meaningless REX prefix used
4월 30, 2024 19:34:59.180 [0x7FFED2795B20] ANOMALY: meaningless REX prefix used
4월 30, 2024 19:34:59.180 [0x7FFED2793EB0] ANOMALY: meaningless REX prefix used
4월 30, 2024 19:41:05.97 Created TensorFlow Lite XNNPACK delegate for CPU.
4월 30, 2024 19:41:05.309 [0x7FFED2795B20] ANOMALY: meaningless REX prefix used
4월 30, 2024 19:41:05.309 [0x7FFED2793EB0] ANOMALY: meaningless REX prefix used
4월 30, 2024 19:41:05.381 [0x7FFED2795B20] ANOMALY: meaningless REX prefix used
4월 30, 2024 19:41:05.381 [0x7FFED2793EB0] ANOMALY: meaningless REX prefix used
4월 30, 2024 19:45:44.299 Created TensorFlow Lite XNNPACK delegate for CPU.
4월 30, 2024 19:45:46.152 [0x7FFED2795B20] ANOMALY: meaningless REX prefix used
4월 30, 2024 19:45:46.152 [0x7FFED2793EB0] ANOMALY: meaningless REX prefix used
4월 30, 2024 19:45:46.224 [0x7FFED2795B20] ANOMALY: meaningless REX prefix used
4월 30, 2024 19:45:46.224 [0x7FFED2793EB0] ANOMALY: meaningless REX prefix used
4월 30, 2024 19:48:33.394 Created TensorFlow Lite XNNPACK delegate for CPU.
4월 30, 2024 20:09:21.236 [0x7FFED2795B20] ANOMALY: meaningless REX prefix used
4월 30, 2024 20:09:21.236 [0x7FFED2793EB0] ANOMALY: meaningless REX prefix used
4월 30, 2024 20:09:21.308 [0x7FFED2795B20] ANOMALY: meaningless REX prefix used
4월 30, 2024 20:09:21.308 [0x7FFED2793EB0] ANOMALY: meaningless REX prefix used

5월 11, 2024 12:34:40.844 NEW SESSION
5월 11, 2024 12:34:40.844 [0x7FFE78D45B20] ANOMALY: meaningless REX prefix used
5월 11, 2024 12:34:40.845 [0x7FFE78D43EB0] ANOMALY: meaningless REX prefix used
5월 11, 2024 12:34:40.934 [0x7FFE78D45B20] ANOMALY: meaningless REX prefix used
5월 11, 2024 12:34:40.935 [0x7FFE78D43EB0] ANOMALY: meaningless REX prefix used
5월 11, 2024 12:35:14.432 Created TensorFlow Lite XNNPACK delegate for CPU.
5월 11, 2024 12:35:14.910 [0x7FFE78D45B20] ANOMALY: meaningless REX prefix used
5월 11, 2024 12:35:14.910 [0x7FFE78D43EB0] ANOMALY: meaningless REX prefix used
5월 11, 2024 12:35:15.30 [0x7FFE78D45B20] ANOMALY: meaningless REX prefix used
5월 11, 2024 12:35:15.31 [0x7FFE78D43EB0] ANOMALY: meaningless REX prefix used
5월 11, 2024 12:39:55.374 [0x7FFE78D45B20] ANOMALY: meaningless REX prefix used
5월 11, 2024 12:39:55.375 [0x7FFE78D43EB0] ANOMALY: meaningless REX prefix used
5월 11, 2024 12:39:55.459 [0x7FFE78D45B20] ANOMALY: meaningless REX prefix used
5월 11, 2024 12:39:55.460 [0x7FFE78D43EB0] ANOMALY: meaningless REX prefix used
5월 11, 2024 12:55:37.324 Created TensorFlow Lite XNNPACK delegate for CPU.
5월 11, 2024 12:58:19.637 [0x7FFE78D45B20] ANOMALY: meaningless REX prefix used
5월 11, 2024 12:58:19.637 [0x7FFE78D43EB0] ANOMALY: meaningless REX prefix used
5월 11, 2024 12:58:19.709 [0x7FFE78D45B20] ANOMALY: meaningless REX prefix used
5월 11, 2024 12:58:19.710 [0x7FFE78D43EB0] ANOMALY: meaningless REX prefix used
5월 11, 2024 13:00:59.577 [0x7FFE78D45B20] ANOMALY: meaningless REX prefix used
5월 11, 2024 13:00:59.577 [0x7FFE78D43EB0] ANOMALY: meaningless REX prefix used
5월 11, 2024 13:00:59.642 [0x7FFE78D45B20] ANOMALY: meaningless REX prefix used
5월 11, 2024 13:00:59.642 [0x7FFE78D43EB0] ANOMALY: meaningless REX prefix used
5월 11, 2024 13:01:16.966 [0x7FFE78D45B20] ANOMALY: meaningless REX prefix used
5월 11, 2024 13:01:16.966 [0x7FFE78D43EB0] ANOMALY: meaningless REX prefix used
5월 11, 2024 13:01:17.33 [0x7FFE78D45B20] ANOMALY: meaningless REX prefix used
5월 11, 2024 13:01:17.33 [0x7FFE78D43EB0] ANOMALY: meaningless REX prefix used
5월 11, 2024 13:01:47.52 [0x7FFE78D45B20] ANOMALY: meaningless REX prefix used
5월 11, 2024 13:01:47.52 [0x7FFE78D43EB0] ANOMALY: meaningless REX prefix used
5월 11, 2024 13:01:47.125 [0x7FFE78D45B20] ANOMALY: meaningless REX prefix used
5월 11, 2024 13:01:47.126 [0x7FFE78D43EB0] ANOMALY: meaningless REX prefix used
5월 11, 2024 13:02:20.849 [0x7FFE78D45B20] ANOMALY: meaningless REX prefix used
5월 11, 2024 13:02:20.850 [0x7FFE78D43EB0] ANOMALY: meaningless REX prefix used
5월 11, 2024 13:02:20.921 [0x7FFE78D45B20] ANOMALY: meaningless REX prefix used
5월 11, 2024 13:02:20.921 [0x7FFE78D43EB0] ANOMALY: meaningless REX prefix used
5월 11, 2024 13:11:16.868 [0x7FFE78D45B20] ANOMALY: meaningless REX prefix used
5월 11, 2024 13:11:16.868 [0x7FFE78D43EB0] ANOMALY: meaningless REX prefix used
5월 11, 2024 13:11:16.945 [0x7FFE78D45B20] ANOMALY: meaningless REX prefix used
5월 11, 2024 13:11:16.945 [0x7FFE78D43EB0] ANOMALY: meaningless REX prefix used
5월 11, 2024 13:11:20.361 [0x7FFE78D45B20] ANOMALY: meaningless REX prefix used
5월 11, 2024 13:11:20.361 [0x7FFE78D43EB0] ANOMALY: meaningless REX prefix used
5월 11, 2024 13:11:20.433 [0x7FFE78D45B20] ANOMALY: meaningless REX prefix used
5월 11, 2024 13:11:20.433 [0x7FFE78D43EB0] ANOMALY: meaningless REX prefix used
5월 11, 2024 13:31:49.388 Created TensorFlow Lite XNNPACK delegate for CPU.
5월 11, 2024 13:32:58.491 [0x7FFE78D45B20] ANOMALY: meaningless REX prefix used
5월 11, 2024 13:32:58.491 [0x7FFE78D43EB0] ANOMALY: meaningless REX prefix used
5월 11, 2024 13:32:58.563 [0x7FFE78D45B20] ANOMALY: meaningless REX prefix used
5월 11, 2024 13:32:58.563 [0x7FFE78D43EB0] ANOMALY: meaningless REX prefix used
5월 11, 2024 13:33:34.353 [0x7FFE78D45B20] ANOMALY: meaningless REX prefix used
5월 11, 2024 13:33:34.353 [0x7FFE78D43EB0] ANOMALY: meaningless REX prefix used
5월 11, 2024 13:33:34.424 [0x7FFE78D45B20] ANOMALY: meaningless REX prefix used
5월 11, 2024 13:33:34.424 [0x7FFE78D43EB0] ANOMALY: meaningless REX prefix used
5월 11, 2024 13:33:40.311 [0x7FFE78D45B20] ANOMALY: meaningless REX prefix used
5월 11, 2024 13:33:40.311 [0x7FFE78D43EB0] ANOMALY: meaningless REX prefix used
5월 11, 2024 13:33:40.384 [0x7FFE78D45B20] ANOMALY: meaningless REX prefix used
5월 11, 2024 13:33:40.384 [0x7FFE78D43EB0] ANOMALY: meaningless REX prefix used
5월 11, 2024 14:41:10.133 [0x7FFE78D45B20] ANOMALY: meaningless REX prefix used
5월 11, 2024 14:41:10.133 [0x7FFE78D43EB0] ANOMALY: meaningless REX prefix used
5월 11, 2024 14:41:10.206 [0x7FFE78D45B20] ANOMALY: meaningless REX prefix used
5월 11, 2024 14:41:10.207 [0x7FFE78D43EB0] ANOMALY: meaningless REX prefix used
5월 11, 2024 14:42:40.653 [0x7FFE78D45B20] ANOMALY: meaningless REX prefix used
5월 11, 2024 14:42:40.654 [0x7FFE78D43EB0] ANOMALY: meaningless REX prefix used
5월 11, 2024 14:42:40.713 [0x7FFE78D45B20] ANOMALY: meaningless REX prefix used
5월 11, 2024 14:42:40.713 [0x7FFE78D43EB0] ANOMALY: meaningless REX prefix used
5월 11, 2024 14:47:37.307 [0x7FFE78D45B20] ANOMALY: meaningless REX prefix used
5월 11, 2024 14:47:37.307 [0x7FFE78D43EB0] ANOMALY: meaningless REX prefix used
5월 11, 2024 14:47:37.380 [0x7FFE78D45B20] ANOMALY: meaningless REX prefix used
5월 11, 2024 14:47:37.380 [0x7FFE78D43EB0] ANOMALY: meaningless REX prefix used
5월 11, 2024 14:49:08.144 Created TensorFlow Lite XNNPACK delegate for CPU.
5월 11, 2024 14:50:10.608 [0x7FFE78D45B20] ANOMALY: meaningless REX prefix used
5월 11, 2024 14:50:10.608 [0x7FFE78D43EB0] ANOMALY: meaningless REX prefix used
5월 11, 2024 14:50:10.676 [0x7FFE78D45B20] ANOMALY: meaningless REX prefix used
5월 11, 2024 14:50:10.676 [0x7FFE78D43EB0] ANOMALY: meaningless REX prefix used
5월 11, 2024 14:58:33.325 [0x7FFE78D45B20] ANOMALY: meaningless REX prefix used
5월 11, 2024 14:58:33.325 [0x7FFE78D43EB0] ANOMALY: meaningless REX prefix used
5월 11, 2024 14:58:33.395 [0x7FFE78D45B20] ANOMALY: meaningless REX prefix used
5월 11, 2024 14:58:33.396 [0x7FFE78D43EB0] ANOMALY: meaningless REX prefix used
5월 11, 2024 15:47:29.718 [19280:19100:0511/154729.718:ERROR:interface_endpoint_client.cc(707)] Message 1 rejected by interface blink.mojom.WidgetHost
5월 11, 2024 16:07:02.471 [0x7FFE78D45B20] ANOMALY: meaningless REX prefix used
5월 11, 2024 16:07:02.471 [0x7FFE78D43EB0] ANOMALY: meaningless REX prefix used
5월 11, 2024 16:07:02.548 [0x7FFE78D45B20] ANOMALY: meaningless REX prefix used
5월 11, 2024 16:07:02.548 [0x7FFE78D43EB0] ANOMALY: meaningless REX prefix used
5월 11, 2024 16:08:27.146 [0x7FFE78D45B20] ANOMALY: meaningless REX prefix used
5월 11, 2024 16:08:27.146 [0x7FFE78D43EB0] ANOMALY: meaningless REX prefix used
5월 11, 2024 16:08:27.231 [0x7FFE78D45B20] ANOMALY: meaningless REX prefix used
5월 11, 2024 16:08:27.231 [0x7FFE78D43EB0] ANOMALY: meaningless REX prefix used
5월 11, 2024 16:35:14.351 [0x7FFE78D45B20] ANOMALY: meaningless REX prefix used
5월 11, 2024 16:35:14.351 [0x7FFE78D43EB0] ANOMALY: meaningless REX prefix used
5월 11, 2024 16:35:14.417 [0x7FFE78D45B20] ANOMALY: meaningless REX prefix used
5월 11, 2024 16:35:14.417 [0x7FFE78D43EB0] ANOMALY: meaningless REX prefix used
5월 11, 2024 16:38:18.344 [0x7FFE78D45B20] ANOMALY: meaningless REX prefix used
5월 11, 2024 16:38:18.344 [0x7FFE78D43EB0] ANOMALY: meaningless REX prefix used
5월 11, 2024 16:38:18.409 [0x7FFE78D45B20] ANOMALY: meaningless REX prefix used
5월 11, 2024 16:38:18.409 [0x7FFE78D43EB0] ANOMALY: meaningless REX prefix used
5월 11, 2024 17:07:26.218 [0x7FFE78D45B20] ANOMALY: meaningless REX prefix used
5월 11, 2024 17:07:26.218 [0x7FFE78D43EB0] ANOMALY: meaningless REX prefix used
5월 11, 2024 17:07:26.288 [0x7FFE78D45B20] ANOMALY: meaningless REX prefix used
5월 11, 2024 17:07:26.288 [0x7FFE78D43EB0] ANOMALY: meaningless REX prefix used
5월 11, 2024 17:11:46.709 Created TensorFlow Lite XNNPACK delegate for CPU.
5월 11, 2024 17:14:44.640 [0x7FFE78D45B20] ANOMALY: meaningless REX prefix used
5월 11, 2024 17:14:44.640 [0x7FFE78D43EB0] ANOMALY: meaningless REX prefix used
5월 11, 2024 17:14:44.706 [0x7FFE78D45B20] ANOMALY: meaningless REX prefix used
5월 11, 2024 17:14:44.707 [0x7FFE78D43EB0] ANOMALY: meaningless REX prefix used
5월 11, 2024 17:17:43.669 [0x7FFE78D45B20] ANOMALY: meaningless REX prefix used
5월 11, 2024 17:17:43.669 [0x7FFE78D43EB0] ANOMALY: meaningless REX prefix used
5월 11, 2024 17:17:43.744 [0x7FFE78D45B20] ANOMALY: meaningless REX prefix used
5월 11, 2024 17:17:43.744 [0x7FFE78D43EB0] ANOMALY: meaningless REX prefix used
5월 11, 2024 17:34:48.590 [0x7FFE78D45B20] ANOMALY: meaningless REX prefix used
5월 11, 2024 17:34:48.590 [0x7FFE78D43EB0] ANOMALY: meaningless REX prefix used
5월 11, 2024 17:34:48.657 [0x7FFE78D45B20] ANOMALY: meaningless REX prefix used
5월 11, 2024 17:34:48.657 [0x7FFE78D43EB0] ANOMALY: meaningless REX prefix used

5월 13, 2024 18:31:33.943 NEW SESSION
5월 13, 2024 18:31:33.943 Created TensorFlow Lite XNNPACK delegate for CPU.

5월 25, 2024 13:50:35.437 NEW SESSION
5월 25, 2024 13:50:35.437 Created TensorFlow Lite XNNPACK delegate for CPU.
5월 25, 2024 13:50:51.168 [0x7FFD52D45B20] ANOMALY: meaningless REX prefix used
5월 25, 2024 13:50:51.169 [0x7FFD52D43EB0] ANOMALY: meaningless REX prefix used
5월 25, 2024 13:50:51.238 [0x7FFD52D45B20] ANOMALY: meaningless REX prefix used
5월 25, 2024 13:50:51.238 [0x7FFD52D43EB0] ANOMALY: meaningless REX prefix used
5월 25, 2024 13:50:59.280 [0x7FFD52D45B20] ANOMALY: meaningless REX prefix used
5월 25, 2024 13:50:59.280 [0x7FFD52D43EB0] ANOMALY: meaningless REX prefix used
5월 25, 2024 13:50:59.354 [0x7FFD52D45B20] ANOMALY: meaningless REX prefix used
5월 25, 2024 13:50:59.354 [0x7FFD52D43EB0] ANOMALY: meaningless REX prefix used
5월 25, 2024 13:51:19.258 Created TensorFlow Lite XNNPACK delegate for CPU.
5월 25, 2024 13:53:00.50 [0x7FFD52D45B20] ANOMALY: meaningless REX prefix used
5월 25, 2024 13:53:00.50 [0x7FFD52D43EB0] ANOMALY: meaningless REX prefix used
5월 25, 2024 13:53:00.115 [0x7FFD52D45B20] ANOMALY: meaningless REX prefix used
5월 25, 2024 13:53:00.115 [0x7FFD52D43EB0] ANOMALY: meaningless REX prefix used
5월 25, 2024 13:53:22.318 [0x7FFD52D45B20] ANOMALY: meaningless REX prefix used
5월 25, 2024 13:53:22.318 [0x7FFD52D43EB0] ANOMALY: meaningless REX prefix used
5월 25, 2024 13:53:22.387 [0x7FFD52D45B20] ANOMALY: meaningless REX prefix used
5월 25, 2024 13:53:22.387 [0x7FFD52D43EB0] ANOMALY: meaningless REX prefix used
5월 25, 2024 13:54:36.67 Created TensorFlow Lite XNNPACK delegate for CPU.
5월 25, 2024 13:55:06.132 [0x7FFD52D45B20] ANOMALY: meaningless REX prefix used
5월 25, 2024 13:55:06.133 [0x7FFD52D43EB0] ANOMALY: meaningless REX prefix used
5월 25, 2024 13:55:06.203 [0x7FFD52D45B20] ANOMALY: meaningless REX prefix used
5월 25, 2024 13:55:06.203 [0x7FFD52D43EB0] ANOMALY: meaningless REX prefix used
5월 25, 2024 13:57:40.323 Created TensorFlow Lite XNNPACK delegate for CPU.
5월 25, 2024 13:58:59.584 [0x7FFD52D45B20] ANOMALY: meaningless REX prefix used
5월 25, 2024 13:58:59.584 [0x7FFD52D43EB0] ANOMALY: meaningless REX prefix used
5월 25, 2024 13:58:59.659 [0x7FFD52D45B20] ANOMALY: meaningless REX prefix used
5월 25, 2024 13:58:59.659 [0x7FFD52D43EB0] ANOMALY: meaningless REX prefix used
5월 25, 2024 14:14:02.280 Created TensorFlow Lite XNNPACK delegate for CPU.
5월 25, 2024 14:15:16.241 [0x7FFD52D45B20] ANOMALY: meaningless REX prefix used
5월 25, 2024 14:15:16.241 [0x7FFD52D43EB0] ANOMALY: meaningless REX prefix used
5월 25, 2024 14:15:16.306 [0x7FFD52D45B20] ANOMALY: meaningless REX prefix used
5월 25, 2024 14:15:16.307 [0x7FFD52D43EB0] ANOMALY: meaningless REX prefix used
5월 25, 2024 14:17:49.553 [0x7FFD52D45B20] ANOMALY: meaningless REX prefix used
5월 25, 2024 14:17:49.554 [0x7FFD52D43EB0] ANOMALY: meaningless REX prefix used
5월 25, 2024 14:17:49.620 [0x7FFD52D45B20] ANOMALY: meaningless REX prefix used
5월 25, 2024 14:17:49.620 [0x7FFD52D43EB0] ANOMALY: meaningless REX prefix used
5월 25, 2024 14:20:46.68 [0x7FFD52D45B20] ANOMALY: meaningless REX prefix used
5월 25, 2024 14:20:46.68 [0x7FFD52D43EB0] ANOMALY: meaningless REX prefix used
5월 25, 2024 14:20:46.138 [0x7FFD52D45B20] ANOMALY: meaningless REX prefix used
5월 25, 2024 14:20:46.138 [0x7FFD52D43EB0] ANOMALY: meaningless REX prefix used
5월 25, 2024 14:22:57.640 Created TensorFlow Lite XNNPACK delegate for CPU.
5월 25, 2024 14:36:58.948 [0x7FFD52D45B20] ANOMALY: meaningless REX prefix used
5월 25, 2024 14:36:58.949 [0x7FFD52D43EB0] ANOMALY: meaningless REX prefix used
5월 25, 2024 14:36:59.17 [0x7FFD52D45B20] ANOMALY: meaningless REX prefix used
5월 25, 2024 14:36:59.17 [0x7FFD52D43EB0] ANOMALY: meaningless REX prefix used
5월 25, 2024 15:35:39.628 [0x7FFD52D45B20] ANOMALY: meaningless REX prefix used
5월 25, 2024 15:35:39.628 [0x7FFD52D43EB0] ANOMALY: meaningless REX prefix used
5월 25, 2024 15:35:39.690 [0x7FFD52D45B20] ANOMALY: meaningless REX prefix used
5월 25, 2024 15:35:39.691 [0x7FFD52D43EB0] ANOMALY: meaningless REX prefix used
5월 25, 2024 15:39:10.776 [0x7FFD52D45B20] ANOMALY: meaningless REX prefix used
5월 25, 2024 15:39:10.776 [0x7FFD52D43EB0] ANOMALY: meaningless REX prefix used
5월 25, 2024 15:39:10.838 [0x7FFD52D45B20] ANOMALY: meaningless REX prefix used
5월 25, 2024 15:39:10.838 [0x7FFD52D43EB0] ANOMALY: meaningless REX prefix used
5월 25, 2024 16:14:51.155 [0x7FFD52D45B20] ANOMALY: meaningless REX prefix used
5월 25, 2024 16:14:51.155 [0x7FFD52D43EB0] ANOMALY: meaningless REX prefix used
5월 25, 2024 16:14:51.218 [0x7FFD52D45B20] ANOMALY: meaningless REX prefix used
5월 25, 2024 16:14:51.218 [0x7FFD52D43EB0] ANOMALY: meaningless REX prefix used
5월 25, 2024 16:28:22.586 [0x7FFD52D45B20] ANOMALY: meaningless REX prefix used
5월 25, 2024 16:28:22.587 [0x7FFD52D43EB0] ANOMALY: meaningless REX prefix used
5월 25, 2024 16:28:22.657 [0x7FFD52D45B20] ANOMALY: meaningless REX prefix used
5월 25, 2024 16:28:22.658 [0x7FFD52D43EB0] ANOMALY: meaningless REX prefix used
5월 25, 2024 16:57:18.418 [0x7FFD52D45B20] ANOMALY: meaningless REX prefix used
5월 25, 2024 16:57:18.418 [0x7FFD52D43EB0] ANOMALY: meaningless REX prefix used
5월 25, 2024 16:57:18.485 [0x7FFD52D45B20] ANOMALY: meaningless REX prefix used
5월 25, 2024 16:57:18.485 [0x7FFD52D43EB0] ANOMALY: meaningless REX prefix used
5월 25, 2024 17:09:30.975 [0x7FFD52D45B20] ANOMALY: meaningless REX prefix used
5월 25, 2024 17:09:30.975 [0x7FFD52D43EB0] ANOMALY: meaningless REX prefix used
5월 25, 2024 17:09:31.39 [0x7FFD52D45B20] ANOMALY: meaningless REX prefix used
5월 25, 2024 17:09:31.39 [0x7FFD52D43EB0] ANOMALY: meaningless REX prefix used
5월 25, 2024 17:10:00.635 [0x7FFD52D45B20] ANOMALY: meaningless REX prefix used
5월 25, 2024 17:10:00.636 [0x7FFD52D43EB0] ANOMALY: meaningless REX prefix used
5월 25, 2024 17:10:00.700 [0x7FFD52D45B20] ANOMALY: meaningless REX prefix used
5월 25, 2024 17:10:00.700 [0x7FFD52D43EB0] ANOMALY: meaningless REX prefix used
5월 25, 2024 17:20:55.26 [0x7FFD52D45B20] ANOMALY: meaningless REX prefix used
5월 25, 2024 17:20:55.26 [0x7FFD52D43EB0] ANOMALY: meaningless REX prefix used
5월 25, 2024 17:20:55.101 [0x7FFD52D45B20] ANOMALY: meaningless REX prefix used
5월 25, 2024 17:20:55.102 [0x7FFD52D43EB0] ANOMALY: meaningless REX prefix used

6월 08, 2024 12:38:06.137 NEW SESSION
6월 08, 2024 12:38:06.137 Created TensorFlow Lite XNNPACK delegate for CPU.
6월 08, 2024 12:50:47.171 [0x7FF8C2455B20] ANOMALY: meaningless REX prefix used
6월 08, 2024 12:50:47.171 [0x7FF8C2453EB0] ANOMALY: meaningless REX prefix used
6월 08, 2024 12:50:47.263 [0x7FF8C2455B20] ANOMALY: meaningless REX prefix used
6월 08, 2024 12:50:47.263 [0x7FF8C2453EB0] ANOMALY: meaningless REX prefix used
6월 08, 2024 13:08:25.831 Created TensorFlow Lite XNNPACK delegate for CPU.
6월 08, 2024 13:20:30.704 [0x7FF8C2455B20] ANOMALY: meaningless REX prefix used
6월 08, 2024 13:20:30.704 [0x7FF8C2453EB0] ANOMALY: meaningless REX prefix used
6월 08, 2024 13:20:30.768 [0x7FF8C2455B20] ANOMALY: meaningless REX prefix used
6월 08, 2024 13:20:30.768 [0x7FF8C2453EB0] ANOMALY: meaningless REX prefix used
6월 08, 2024 13:21:38.00 [0x7FF8C2455B20] ANOMALY: meaningless REX prefix used
6월 08, 2024 13:21:38.00 [0x7FF8C2453EB0] ANOMALY: meaningless REX prefix used
6월 08, 2024 13:21:38.91 [0x7FF8C2455B20] ANOMALY: meaningless REX prefix used
6월 08, 2024 13:21:38.91 [0x7FF8C2453EB0] ANOMALY: meaningless REX prefix used
6월 08, 2024 13:36:51.684 [0x7FF8C2455B20] ANOMALY: meaningless REX prefix used
6월 08, 2024 13:36:51.684 [0x7FF8C2453EB0] ANOMALY: meaningless REX prefix used
6월 08, 2024 13:36:51.754 [0x7FF8C2455B20] ANOMALY: meaningless REX prefix used
6월 08, 2024 13:36:51.754 [0x7FF8C2453EB0] ANOMALY: meaningless REX prefix used
6월 08, 2024 14:20:51.775 Created TensorFlow Lite XNNPACK delegate for CPU.
6월 08, 2024 14:22:19.616 [0x7FF8C2455B20] ANOMALY: meaningless REX prefix used
6월 08, 2024 14:22:19.617 [0x7FF8C2453EB0] ANOMALY: meaningless REX prefix used
6월 08, 2024 14:22:19.681 [0x7FF8C2455B20] ANOMALY: meaningless REX prefix used
6월 08, 2024 14:22:19.681 [0x7FF8C2453EB0] ANOMALY: meaningless REX prefix used
6월 08, 2024 14:25:17.260 [0x7FF8C2455B20] ANOMALY: meaningless REX prefix used
6월 08, 2024 14:25:17.260 [0x7FF8C2453EB0] ANOMALY: meaningless REX prefix used
6월 08, 2024 14:25:17.325 [0x7FF8C2455B20] ANOMALY: meaningless REX prefix used
6월 08, 2024 14:25:17.326 [0x7FF8C2453EB0] ANOMALY: meaningless REX prefix used
6월 08, 2024 14:26:08.375 [0x7FF8C2455B20] ANOMALY: meaningless REX prefix used
6월 08, 2024 14:26:08.376 [0x7FF8C2453EB0] ANOMALY: meaningless REX prefix used
6월 08, 2024 14:26:08.438 [0x7FF8C2455B20] ANOMALY: meaningless REX prefix used
6월 08, 2024 14:26:08.439 [0x7FF8C2453EB0] ANOMALY: meaningless REX prefix used
6월 08, 2024 14:26:46.858 [0x7FF8C2455B20] ANOMALY: meaningless REX prefix used
6월 08, 2024 14:26:46.858 [0x7FF8C2453EB0] ANOMALY: meaningless REX prefix used
6월 08, 2024 14:26:46.926 [0x7FF8C2455B20] ANOMALY: meaningless REX prefix used
6월 08, 2024 14:26:46.926 [0x7FF8C2453EB0] ANOMALY: meaningless REX prefix used
6월 08, 2024 14:26:58.293 Created TensorFlow Lite XNNPACK delegate for CPU.
6월 08, 2024 15:47:56.613 [0x7FF8C2455B20] ANOMALY: meaningless REX prefix used
6월 08, 2024 15:47:56.614 [0x7FF8C2453EB0] ANOMALY: meaningless REX prefix used
6월 08, 2024 15:47:56.680 [0x7FF8C2455B20] ANOMALY: meaningless REX prefix used
6월 08, 2024 15:47:56.680 [0x7FF8C2453EB0] ANOMALY: meaningless REX prefix used
6월 08, 2024 16:19:26.700 [0x7FF8C2455B20] ANOMALY: meaningless REX prefix used
6월 08, 2024 16:19:26.700 [0x7FF8C2453EB0] ANOMALY: meaningless REX prefix used
6월 08, 2024 16:19:26.772 [0x7FF8C2455B20] ANOMALY: meaningless REX prefix used
6월 08, 2024 16:19:26.772 [0x7FF8C2453EB0] ANOMALY: meaningless REX prefix used
6월 08, 2024 17:01:46.619 Created TensorFlow Lite XNNPACK delegate for CPU.
6월 08, 2024 17:16:48.751 [0x7FF8C2455B20] ANOMALY: meaningless REX prefix used
6월 08, 2024 17:16:48.751 [0x7FF8C2453EB0] ANOMALY: meaningless REX prefix used
6월 08, 2024 17:16:48.818 [0x7FF8C2455B20] ANOMALY: meaningless REX prefix used
6월 08, 2024 17:16:48.818 [0x7FF8C2453EB0] ANOMALY: meaningless REX prefix used
6월 08, 2024 17:19:51.504 [0x7FF8C2455B20] ANOMALY: meaningless REX prefix used
6월 08, 2024 17:19:51.504 [0x7FF8C2453EB0] ANOMALY: meaningless REX prefix used
6월 08, 2024 17:19:51.572 [0x7FF8C2455B20] ANOMALY: meaningless REX prefix used
6월 08, 2024 17:19:51.573 [0x7FF8C2453EB0] ANOMALY: meaningless REX prefix used
6월 08, 2024 17:24:40.671 [0x7FF8C2455B20] ANOMALY: meaningless REX prefix used
6월 08, 2024 17:24:40.671 [0x7FF8C2453EB0] ANOMALY: meaningless REX prefix used
6월 08, 2024 17:24:40.741 [0x7FF8C2455B20] ANOMALY: meaningless REX prefix used
6월 08, 2024 17:24:40.741 [0x7FF8C2453EB0] ANOMALY: meaningless REX prefix used
6월 08, 2024 17:24:51.59 [0x7FF8C2455B20] ANOMALY: meaningless REX prefix used
6월 08, 2024 17:24:51.59 [0x7FF8C2453EB0] ANOMALY: meaningless REX prefix used
6월 08, 2024 17:24:51.130 [0x7FF8C2455B20] ANOMALY: meaningless REX prefix used
6월 08, 2024 17:24:51.130 [0x7FF8C2453EB0] ANOMALY: meaningless REX prefix used
